ok   semaglutide peptidedb len=13683
ok   semaglutide pdp len=39147
ok   tirzepatide peptidedb len=14642
ok   tirzepatide pdp len=45819
ok   retatrutide peptidedb len=13766
ok   retatrutide pdp len=41446
ok   cagrilintide peptidedb len=10326
ok   cagrilintide pdp len=39126
ok   mazdutide peptidedb len=10519
ok   survodutide peptidedb len=8784
ok   tesamorelin peptidedb len=12094
ok   tesamorelin pdp len=37229
ok   hgh-191aa peptidedb len=11544
ok   hgh-fragment-176-191 peptidedb len=10541
ok   ghrp-2 peptidedb len=9499
ok   ghrp-6 peptidedb len=10196
ok   sermorelin peptidedb len=11069
ok   sermorelin pdp len=31362
ok   ipamorelin peptidedb len=10226
ok   ipamorelin pdp len=35760
ok   cjc-1295-dac peptidedb len=10821
ok   cjc-1295-dac pdp len=33733
ok   cjc-1295-no-dac peptidedb len=11826
ok   cjc-1295-no-dac pdp len=27762
ok   cjc-1295-plus-ipamorelin-blend peptidedb len=10782
ok   hexarelin peptidedb len=9726
ok   mk-677 peptidedb len=11318
ok   ipamorelin-plus-tesamorelin-blend peptidedb len=10107
ok   igf-1-lr3 peptidedb len=10023
ok   igf-1-lr3 pdp len=47958
ok   igf-1-des peptidedb len=11372
ok   mgf peptidedb len=7683
ok   peg-mgf peptidedb len=9188
ok   bpc-157 peptidedb len=12354
ok   bpc-157 pdp len=32822
ok   tb-500 peptidedb len=13382
ok   tb-500 pdp len=38782
ok   bpc-157-plus-tb-500-blend peptidedb len=11345
ok   ara-290 peptidedb len=11065
ok   kpv peptidedb len=9743
ok   kpv pdp len=31631
ok   vip peptidedb len=10648
ok   ll-37 peptidedb len=8618
ok   b7-33 peptidedb len=10311
ok   glow70 peptidedb len=7989
ok   klow peptidedb len=9174
ok   aod-9604 peptidedb len=10856
ok   aod-9604 pdp len=40272
ok   adipotide peptidedb len=8579
ok   5-amino-1mq peptidedb len=9863
ok   slu-pp-332 peptidedb len=12661
ok   slu-pp-332 pdp len=48653
ok   aicar peptidedb len=7653
ok   l-carnitine peptidedb len=7481
ok   hcg peptidedb len=11475
ok   hmg peptidedb len=8679
ok   kisspeptin-10 peptidedb len=10096
ok   kisspeptin-10 pdp len=35185
ok   gonadorelin peptidedb len=10268
ok   oxytocin peptidedb len=10222
ok   oxytocin pdp len=33997
ok   pt-141 peptidedb len=9823
ok   pt-141 pdp len=34566
ok   melanotan-2 peptidedb len=11874
ok   melanotan-2 pdp len=34763
ok   melanotan-1 peptidedb len=7100
ok   ghk-cu peptidedb len=9873
ok   ghk-cu pdp len=31646
ok   ahk-cu peptidedb len=12362
ok   glutathione peptidedb len=10924
ok   snap-8 peptidedb len=10735
ok   selank peptidedb len=11422
ok   selank pdp len=33775
ok   semax peptidedb len=11025
ok   semax pdp len=41358
ok   cerebrolysin peptidedb len=11236
ok   adamax peptidedb len=11326
ok   pinealon peptidedb len=8866
ok   dsip peptidedb len=11004
ok   dsip pdp len=22776
ok   thymosin-alpha-1 peptidedb len=10987
ok   thymosin-alpha-1 pdp len=37967
ok   thymalin peptidedb len=9482
ok   foxo4-dri peptidedb len=9755
ok   epithalon peptidedb len=13791
ok   humanin peptidedb len=10765
ok   humanin pdp len=32138
ok   mots-c peptidedb len=11080
ok   mots-c pdp len=33224
ok   ss-31 peptidedb len=11128
ok   ss-31 pdp len=47885
ok   cartalax peptidedb len=8088
ok   vesugen peptidedb len=9077
ok   nad-plus peptidedb len=9879
ok   nad-plus pdp len=35608
ok   pnc-27 peptidedb len=8688
ok   ace-031 peptidedb len=11109